<?xml version="1.0" encoding="UTF-8"?>
<!-- Generated by org.testng.reporters.JUnitXMLReporter -->
<testsuite ignored="0" hostname="Dell-Inspiron15" failures="0" tests="4" name="Login Test" time="63.03" errors="0" timestamp="2022-12-01T13:40:47 IST">
  <testcase classname="loginDD.MultipleLoginCases_BothIncorrect" name="login" time="19.777"/>
  <testcase classname="loginDD.MultipleLoginCases_IncorrectName" name="login" time="15.75"/>
  <testcase classname="loginDD.MultipleLoginCases_IncorrectPass" name="login" time="14.217"/>
  <testcase classname="loginDD.MultipleLoginCases" name="login" time="13.237"/>
</testsuite> <!-- Login Test -->
