<?xml version="1.0" encoding="UTF-8"?>
<!-- Generated by org.testng.reporters.JUnitXMLReporter -->
<testsuite ignored="0" hostname="Dell-Inspiron15" failures="0" tests="5" name="Default test" time="0.089" errors="0" timestamp="2022-06-03T00:36:58 IST">
  <testcase classname="testNg.DriverCarClassWithPriority" name="startCar" time="0.01"/>
  <testcase classname="testNg.DriverCarClassWithPriority" name="putFirstGear" time="0.002"/>
  <testcase classname="testNg.DriverCarClassWithPriority" name="putSecondGear" time="0.001"/>
  <testcase classname="testNg.DriverCarClassWithPriority" name="putThirdGear" time="0.002"/>
  <testcase classname="testNg.DriverCarClassWithPriority" name="putFourthGear" time="0.001"/>
</testsuite> <!-- Default test -->
