<?xml version="1.0" encoding="UTF-8"?>
<!-- Generated by org.testng.reporters.JUnitXMLReporter -->
<testsuite ignored="0" hostname="Dell-Inspiron15" failures="0" tests="3" name="Default test" time="6.22" errors="0" timestamp="2022-06-03T15:05:53 IST">
  <testcase classname="testNg.SuiteExample" name="openBing" time="0.654"/>
  <testcase classname="testNg.SuiteExample" name="openGoogle" time="1.807"/>
  <testcase classname="testNg.SuiteExample" name="openYoutube" time="3.722"/>
</testsuite> <!-- Default test -->
