<?xml version="1.0" encoding="UTF-8"?>
<testng-results ignored="0" total="4" passed="4" failed="0" skipped="0">
  <reporter-output>
  </reporter-output>
  <suite started-at="2022-12-09T12:38:21 IST" name="Default suite" finished-at="2022-12-09T12:38:43 IST" duration-ms="21612">
    <groups>
    </groups>
    <test started-at="2022-12-09T12:38:21 IST" name="Default test" finished-at="2022-12-09T12:38:43 IST" duration-ms="21612">
      <class name="loginDD.Login_JXLlibrary">
        <test-method is-config="true" signature="browserInitiate()[pri:0, instance:loginDD.Login_JXLlibrary@1de5f259]" started-at="2022-12-09T12:38:21 IST" name="browserInitiate" finished-at="2022-12-09T12:38:32 IST" duration-ms="10788" status="PASS">
          <reporter-output>
          </reporter-output>
        </test-method> <!-- browserInitiate -->
        <test-method signature="login(java.lang.String,java.lang.String)[pri:0, instance:loginDD.Login_JXLlibrary@1de5f259]" started-at="2022-12-09T12:38:33 IST" name="login" data-provider="LoginData" finished-at="2022-12-09T12:38:35 IST" duration-ms="2112" status="PASS">
          <params>
            <param index="0">
              <value>
                <![CDATA[admin0]]>
              </value>
            </param>
            <param index="1">
              <value>
                <![CDATA[admin0]]>
              </value>
            </param>
          </params>
          <reporter-output>
          </reporter-output>
        </test-method> <!-- login -->
        <test-method signature="login(java.lang.String,java.lang.String)[pri:0, instance:loginDD.Login_JXLlibrary@1de5f259]" started-at="2022-12-09T12:38:35 IST" name="login" data-provider="LoginData" finished-at="2022-12-09T12:38:37 IST" duration-ms="2409" status="PASS">
          <params>
            <param index="0">
              <value>
                <![CDATA[admin0]]>
              </value>
            </param>
            <param index="1">
              <value>
                <![CDATA[admin123]]>
              </value>
            </param>
          </params>
          <reporter-output>
          </reporter-output>
        </test-method> <!-- login -->
        <test-method signature="login(java.lang.String,java.lang.String)[pri:0, instance:loginDD.Login_JXLlibrary@1de5f259]" started-at="2022-12-09T12:38:37 IST" name="login" data-provider="LoginData" finished-at="2022-12-09T12:38:40 IST" duration-ms="2614" status="PASS">
          <params>
            <param index="0">
              <value>
                <![CDATA[Admin]]>
              </value>
            </param>
            <param index="1">
              <value>
                <![CDATA[admin0]]>
              </value>
            </param>
          </params>
          <reporter-output>
          </reporter-output>
        </test-method> <!-- login -->
        <test-method signature="login(java.lang.String,java.lang.String)[pri:0, instance:loginDD.Login_JXLlibrary@1de5f259]" started-at="2022-12-09T12:38:40 IST" name="login" data-provider="LoginData" finished-at="2022-12-09T12:38:43 IST" duration-ms="2811" status="PASS">
          <params>
            <param index="0">
              <value>
                <![CDATA[Admin]]>
              </value>
            </param>
            <param index="1">
              <value>
                <![CDATA[admin123]]>
              </value>
            </param>
          </params>
          <reporter-output>
          </reporter-output>
        </test-method> <!-- login -->
        <test-method is-config="true" signature="closeBrowser()[pri:0, instance:loginDD.Login_JXLlibrary@1de5f259]" started-at="2022-12-09T12:38:43 IST" name="closeBrowser" finished-at="2022-12-09T12:38:43 IST" duration-ms="375" status="PASS">
          <reporter-output>
          </reporter-output>
        </test-method> <!-- closeBrowser -->
      </class> <!-- loginDD.Login_JXLlibrary -->
    </test> <!-- Default test -->
  </suite> <!-- Default suite -->
</testng-results>
