<?xml version="1.0" encoding="UTF-8"?>
<testng-results ignored="0" total="4" passed="4" failed="0" skipped="0">
  <reporter-output>
  </reporter-output>
  <suite started-at="2022-12-02T11:17:29 IST" name="Default suite" finished-at="2022-12-02T11:17:54 IST" duration-ms="24601">
    <groups>
    </groups>
    <test started-at="2022-12-02T11:17:29 IST" name="Default test" finished-at="2022-12-02T11:17:54 IST" duration-ms="24601">
      <class name="loginDD.Login_JXLlibrary">
        <test-method is-config="true" signature="browserInitiate()[pri:0, instance:loginDD.Login_JXLlibrary@3c7f66c4]" started-at="2022-12-02T11:17:29 IST" name="browserInitiate" finished-at="2022-12-02T11:17:40 IST" duration-ms="10769" status="PASS">
          <reporter-output>
          </reporter-output>
        </test-method> <!-- browserInitiate -->
        <test-method signature="login(java.lang.String,java.lang.String)[pri:0, instance:loginDD.Login_JXLlibrary@3c7f66c4]" started-at="2022-12-02T11:17:40 IST" name="login" data-provider="LoginData" finished-at="2022-12-02T11:17:44 IST" duration-ms="3584" status="PASS">
          <params>
            <param index="0">
              <value>
                <![CDATA[admin0]]>
              </value>
            </param>
            <param index="1">
              <value>
                <![CDATA[admin0]]>
              </value>
            </param>
          </params>
          <reporter-output>
          </reporter-output>
        </test-method> <!-- login -->
        <test-method signature="login(java.lang.String,java.lang.String)[pri:0, instance:loginDD.Login_JXLlibrary@3c7f66c4]" started-at="2022-12-02T11:17:44 IST" name="login" data-provider="LoginData" finished-at="2022-12-02T11:17:46 IST" duration-ms="2750" status="PASS">
          <params>
            <param index="0">
              <value>
                <![CDATA[admin0]]>
              </value>
            </param>
            <param index="1">
              <value>
                <![CDATA[admin123]]>
              </value>
            </param>
          </params>
          <reporter-output>
          </reporter-output>
        </test-method> <!-- login -->
        <test-method signature="login(java.lang.String,java.lang.String)[pri:0, instance:loginDD.Login_JXLlibrary@3c7f66c4]" started-at="2022-12-02T11:17:46 IST" name="login" data-provider="LoginData" finished-at="2022-12-02T11:17:49 IST" duration-ms="3120" status="PASS">
          <params>
            <param index="0">
              <value>
                <![CDATA[Admin]]>
              </value>
            </param>
            <param index="1">
              <value>
                <![CDATA[admin0]]>
              </value>
            </param>
          </params>
          <reporter-output>
          </reporter-output>
        </test-method> <!-- login -->
        <test-method signature="login(java.lang.String,java.lang.String)[pri:0, instance:loginDD.Login_JXLlibrary@3c7f66c4]" started-at="2022-12-02T11:17:49 IST" name="login" data-provider="LoginData" finished-at="2022-12-02T11:17:53 IST" duration-ms="3671" status="PASS">
          <params>
            <param index="0">
              <value>
                <![CDATA[Admin]]>
              </value>
            </param>
            <param index="1">
              <value>
                <![CDATA[admin123]]>
              </value>
            </param>
          </params>
          <reporter-output>
          </reporter-output>
        </test-method> <!-- login -->
        <test-method is-config="true" signature="closeBrowser()[pri:0, instance:loginDD.Login_JXLlibrary@3c7f66c4]" started-at="2022-12-02T11:17:53 IST" name="closeBrowser" finished-at="2022-12-02T11:17:54 IST" duration-ms="394" status="PASS">
          <reporter-output>
          </reporter-output>
        </test-method> <!-- closeBrowser -->
      </class> <!-- loginDD.Login_JXLlibrary -->
    </test> <!-- Default test -->
  </suite> <!-- Default suite -->
</testng-results>
