<?xml version="1.0" encoding="UTF-8"?>
<!-- Generated by org.testng.reporters.JUnitXMLReporter -->
<testsuite ignored="0" hostname="Dell-Inspiron15" failures="0" tests="4" name="Default test" time="24.601" errors="0" timestamp="2022-12-02T11:17:54 IST">
  <testcase classname="loginDD.Login_JXLlibrary" name="login" time="3.584"/>
  <testcase classname="loginDD.Login_JXLlibrary" name="login" time="2.75"/>
  <testcase classname="loginDD.Login_JXLlibrary" name="login" time="3.12"/>
  <testcase classname="loginDD.Login_JXLlibrary" name="login" time="3.671"/>
</testsuite> <!-- Default test -->
