<?xml version="1.0" encoding="UTF-8"?>
<!-- Generated by org.testng.reporters.JUnitXMLReporter -->
<testsuite ignored="0" hostname="Dell-Inspiron15" failures="0" tests="4" name="Default test" time="21.612" errors="0" timestamp="2022-12-09T12:38:43 IST">
  <testcase classname="loginDD.Login_JXLlibrary" name="login" time="2.112"/>
  <testcase classname="loginDD.Login_JXLlibrary" name="login" time="2.409"/>
  <testcase classname="loginDD.Login_JXLlibrary" name="login" time="2.614"/>
  <testcase classname="loginDD.Login_JXLlibrary" name="login" time="2.811"/>
</testsuite> <!-- Default test -->
