<?xml version="1.0" encoding="UTF-8"?>
<testng-results ignored="0" total="5" passed="5" failed="0" skipped="0">
  <reporter-output>
  </reporter-output>
  <suite started-at="2022-06-03T00:36:58 IST" name="Default suite" finished-at="2022-06-03T00:36:58 IST" duration-ms="89">
    <groups>
    </groups>
    <test started-at="2022-06-03T00:36:58 IST" name="Default test" finished-at="2022-06-03T00:36:58 IST" duration-ms="89">
      <class name="testNg.DriverCarClassWithPriority">
        <test-method signature="startCar()[pri:0, instance:testNg.DriverCarClassWithPriority@483f6d77]" started-at="2022-06-03T00:36:58 IST" name="startCar" finished-at="2022-06-03T00:36:58 IST" duration-ms="10" status="PASS">
          <reporter-output>
          </reporter-output>
        </test-method> <!-- startCar -->
        <test-method signature="putFirstGear()[pri:1, instance:testNg.DriverCarClassWithPriority@483f6d77]" started-at="2022-06-03T00:36:58 IST" name="putFirstGear" finished-at="2022-06-03T00:36:58 IST" duration-ms="2" status="PASS">
          <reporter-output>
          </reporter-output>
        </test-method> <!-- putFirstGear -->
        <test-method signature="putSecondGear()[pri:2, instance:testNg.DriverCarClassWithPriority@483f6d77]" started-at="2022-06-03T00:36:58 IST" name="putSecondGear" finished-at="2022-06-03T00:36:58 IST" duration-ms="1" status="PASS">
          <reporter-output>
          </reporter-output>
        </test-method> <!-- putSecondGear -->
        <test-method signature="putThirdGear()[pri:3, instance:testNg.DriverCarClassWithPriority@483f6d77]" started-at="2022-06-03T00:36:58 IST" name="putThirdGear" finished-at="2022-06-03T00:36:58 IST" duration-ms="2" status="PASS">
          <reporter-output>
          </reporter-output>
        </test-method> <!-- putThirdGear -->
        <test-method signature="putFourthGear()[pri:4, instance:testNg.DriverCarClassWithPriority@483f6d77]" started-at="2022-06-03T00:36:58 IST" name="putFourthGear" finished-at="2022-06-03T00:36:58 IST" duration-ms="1" status="PASS">
          <reporter-output>
          </reporter-output>
        </test-method> <!-- putFourthGear -->
      </class> <!-- testNg.DriverCarClassWithPriority -->
    </test> <!-- Default test -->
  </suite> <!-- Default suite -->
</testng-results>
